<?xml version="1.0" encoding="UTF-8"?>
<testng-results skipped="0" failed="0" total="1" passed="1">
  <reporter-output>
  </reporter-output>
  <suite name="Command line suite" duration-ms="9273" started-at="2020-02-27T01:14:40Z" finished-at="2020-02-27T01:14:50Z">
    <groups>
      <group name="cucumber">
        <method signature="ExtendedTestNGRunner.feature(cucumber.api.testng.CucumberFeatureWrapper)[pri:0, instance:com.cucumber.runner.RunCucumberTest@29ee9faa]" name="feature" class="com.github.mkolisnyk.cucumber.runner.ExtendedTestNGRunner"/>
      </group> <!-- cucumber -->
    </groups>
    <test name="Command line test" duration-ms="9273" started-at="2020-02-27T01:14:40Z" finished-at="2020-02-27T01:14:50Z">
      <class name="com.cucumber.runner.RunCucumberTest">
        <test-method status="PASS" signature="setUpClass()[pri:0, instance:com.cucumber.runner.RunCucumberTest@29ee9faa]" name="setUpClass" is-config="true" duration-ms="328" started-at="2020-02-27T14:14:40Z" finished-at="2020-02-27T14:14:41Z">
          <reporter-output>
          </reporter-output>
        </test-method> <!-- setUpClass -->
        <test-method status="PASS" signature="feature(cucumber.api.testng.CucumberFeatureWrapper)[pri:0, instance:com.cucumber.runner.RunCucumberTest@29ee9faa]" name="feature" duration-ms="7796" started-at="2020-02-27T14:14:41Z" description="Runs Cucumber Feature" data-provider="features" finished-at="2020-02-27T14:14:48Z">
          <params>
            <param index="0">
              <value>
                <![CDATA[Broadband Service Check]]>
              </value>
            </param>
          </params>
          <reporter-output>
          </reporter-output>
        </test-method> <!-- feature -->
        <test-method status="PASS" signature="tearDownClass()[pri:0, instance:com.cucumber.runner.RunCucumberTest@29ee9faa]" name="tearDownClass" is-config="true" duration-ms="1063" started-at="2020-02-27T14:14:48Z" finished-at="2020-02-27T14:14:50Z">
          <reporter-output>
          </reporter-output>
        </test-method> <!-- tearDownClass -->
      </class> <!-- com.cucumber.runner.RunCucumberTest -->
    </test> <!-- Command line test -->
  </suite> <!-- Command line suite -->
</testng-results>
